[debug] [2019-08-14T17:40:58.559Z] ----------------------------------------------------------------------
[debug] [2019-08-14T17:40:58.560Z] Command:       /usr/local/bin/node /usr/local/bin/firebase init
[debug] [2019-08-14T17:40:58.560Z] CLI Version:   7.2.2
[debug] [2019-08-14T17:40:58.560Z] Platform:      darwin
[debug] [2019-08-14T17:40:58.560Z] Node Version:  v10.15.3
[debug] [2019-08-14T17:40:58.561Z] Time:          Wed Aug 14 2019 23:10:58 GMT+0530 (India Standard Time)
[debug] [2019-08-14T17:40:58.561Z] ----------------------------------------------------------------------
[debug] 
[debug] [2019-08-14T17:40:58.566Z] > command requires scopes: ["email","openid","https://www.googleapis.com/auth/cloudplatformprojects.readonly","https://www.googleapis.com/auth/firebase","https://www.googleapis.com/auth/cloud-platform"]
[debug] [2019-08-14T17:40:58.566Z] > authorizing via signed-in user
[info] 
     ######## #### ########  ######## ########     ###     ######  ########
     ##        ##  ##     ## ##       ##     ##  ##   ##  ##       ##
     ######    ##  ########  ######   ########  #########  ######  ######
     ##        ##  ##    ##  ##       ##     ## ##     ##       ## ##
     ##       #### ##     ## ######## ########  ##     ##  ######  ########

You're about to initialize a Firebase project in this directory:

  /Users/ajit/Desktop/Development/BookHouse

Before we get started, keep in mind:

  * You are initializing in an existing Firebase project directory

[info] 
=== Project Setup
[info] 
[info] First, let's associate this project directory with a Firebase project.
[info] You can create multiple project aliases by running firebase use --add, 
[info] but for now we'll just set up a default project.
[info] 
[info] i  .firebaserc already has a default project, using bookhouse-services.
[debug] [2019-08-14T17:41:02.886Z] >>> HTTP REQUEST GET https://firebase.googleapis.com/v1beta1/projects/bookhouse-services  
 
[debug] [2019-08-14T17:41:03.806Z] <<< HTTP RESPONSE 200
[info] 
=== Hosting Setup
[info] 
[info] Your public directory is the folder (relative to your project directory) that
[info] will contain Hosting assets to be uploaded with firebase deploy. If you
[info] have a build process for your assets, use your build's output directory.
[info] 
